[0m2021.03.13 12:18:12 INFO  Started: Metals version 0.10.0 in workspace 'D:\z-apo\z-apo' for client vscode 1.54.2.[0m
[0m2021.03.13 12:18:18 INFO  time: initialize in 5.92s[0m
[0m2021.03.13 12:18:21 WARN  Build server is not auto-connectable.[0m
[0m2021.03.13 12:18:21 WARN  no build tool detected in workspace 'D:\z-apo\z-apo'. The most common cause for this problem is that the editor was opened in the wrong working directory, for example if you use sbt then the workspace directory should contain build.sbt. [0m
[0m2021.03.13 14:56:39 INFO  shutting down Metals[0m
[0m2021.03.13 16:12:48 INFO  Started: Metals version 0.10.0 in workspace 'D:\z-apo\z-apo' for client vscode 1.54.2.[0m
[0m2021.03.13 16:12:57 INFO  time: initialize in 8.87s[0m
[0m2021.03.13 16:12:59 WARN  Build server is not auto-connectable.[0m
[0m2021.03.13 16:12:59 WARN  no build tool detected in workspace 'D:\z-apo\z-apo'. The most common cause for this problem is that the editor was opened in the wrong working directory, for example if you use sbt then the workspace directory should contain build.sbt. [0m
[0m2021.03.13 16:16:34 INFO  shutting down Metals[0m
[0m2021.03.13 19:15:49 INFO  Started: Metals version 0.10.0 in workspace 'D:\z-apo\z-apo' for client vscode 1.54.2.[0m
[0m2021.03.13 19:15:53 INFO  time: initialize in 3.94s[0m
[0m2021.03.13 19:15:54 WARN  Build server is not auto-connectable.[0m
[0m2021.03.13 19:15:54 WARN  no build tool detected in workspace 'D:\z-apo\z-apo'. The most common cause for this problem is that the editor was opened in the wrong working directory, for example if you use sbt then the workspace directory should contain build.sbt. [0m
mar 14, 2021 12:40:06 AM org.eclipse.lsp4j.jsonrpc.services.GenericEndpoint notify
INFO: Unsupported notification method: $/setTraceNotification
[0m2021.03.14 00:40:45 INFO  compilation cancelled[0m
[0m2021.03.14 01:21:11 INFO  shutting down Metals[0m
[0m2021.03.14 13:21:22 INFO  Started: Metals version 0.10.0 in workspace 'D:\z-apo\z-apo' for client vscode 1.54.2.[0m
[0m2021.03.14 13:21:24 INFO  time: initialize in 1.51s[0m
[0m2021.03.14 13:21:25 WARN  Build server is not auto-connectable.[0m
[0m2021.03.14 13:21:25 WARN  no build tool detected in workspace 'D:\z-apo\z-apo'. The most common cause for this problem is that the editor was opened in the wrong working directory, for example if you use sbt then the workspace directory should contain build.sbt. [0m
[0m2021.03.14 22:09:19 INFO  shutting down Metals[0m
[0m2021.03.14 22:12:09 INFO  Started: Metals version 0.10.0 in workspace 'D:\z-apo\z-apo' for client vscode 1.54.2.[0m
[0m2021.03.14 22:12:11 INFO  time: initialize in 2.06s[0m
[0m2021.03.14 22:12:13 WARN  Build server is not auto-connectable.[0m
[0m2021.03.14 22:12:13 WARN  no build tool detected in workspace 'D:\z-apo\z-apo'. The most common cause for this problem is that the editor was opened in the wrong working directory, for example if you use sbt then the workspace directory should contain build.sbt. [0m
[0m2021.03.14 22:40:09 INFO  shutting down Metals[0m
